2023-11-07 14:33:45,136 [main] [INFO] | StartupInfoLogger.logStarting(51) | - | Starting TempleteApplication using Java 18.0.1.1 with PID 92158 (/Users/shuaimou/IdeaProjects/templete-all/template/target/classes started by shuaimou in /Users/shuaimou/IdeaProjects/templete-all)
2023-11-07 14:33:45,149 [main] [INFO] | SpringApplication.logStartupProfileInfo(644) | - | The following 1 profile is active: "dev"
2023-11-07 14:33:46,993 [main] [INFO] | RepositoryConfigurationDelegate.multipleStoresDetected(291) | - | Multiple Spring Data modules found, entering strict repository configuration mode
2023-11-07 14:33:46,998 [main] [INFO] | RepositoryConfigurationDelegate.registerRepositoriesIn(138) | - | Bootstrapping Spring Data Redis repositories in DEFAULT mode.
2023-11-07 14:33:47,029 [main] [INFO] | RepositoryConfigurationDelegate.registerRepositoriesIn(208) | - | Finished Spring Data repository scanning in 16 ms. Found 0 Redis repository interfaces.
2023-11-07 14:33:48,838 [main] [INFO] | TomcatWebServer.initialize(108) | - | Tomcat initialized with port(s): 8081 (http)
2023-11-07 14:33:48,850 [main] [INFO] | DirectJDKLog.log(173) | - | Initializing ProtocolHandler ["http-nio-8081"]
2023-11-07 14:33:48,853 [main] [INFO] | DirectJDKLog.log(173) | - | Starting service [Tomcat]
2023-11-07 14:33:48,854 [main] [INFO] | DirectJDKLog.log(173) | - | Starting Servlet engine: [Apache Tomcat/10.1.15]
2023-11-07 14:33:48,998 [main] [INFO] | DirectJDKLog.log(173) | - | Initializing Spring embedded WebApplicationContext
2023-11-07 14:33:49,002 [main] [INFO] | ServletWebServerApplicationContext.prepareWebApplicationContext(291) | - | Root WebApplicationContext: initialization completed in 3726 ms
2023-11-07 14:33:50,828 [main] [INFO] | Version.logVersion(41) | - | Redisson 3.24.0
2023-11-07 14:33:50,874 [main] [WARN] | DnsServerAddressStreamProviders.<clinit>(70) | - | Can not find io.netty.resolver.dns.macos.MacOSDnsServerAddressStreamProvider in the classpath, fallback to system defaults. This may result in incorrect DNS resolutions on MacOS. Check whether you have a dependency on 'io.netty:netty-resolver-dns-native-macos'
2023-11-07 14:33:51,101 [redisson-netty-2-5] [INFO] | ConnectionPool.lambda$createConnection$0(137) | - | 1 connections initialized for localhost/127.0.0.1:6379
2023-11-07 14:33:51,270 [redisson-netty-2-20] [INFO] | ConnectionPool.lambda$createConnection$0(137) | - | 24 connections initialized for localhost/127.0.0.1:6379
2023-11-07 14:33:51,966 [main] [INFO] | EndpointLinksResolver.<init>(58) | - | Exposing 1 endpoint(s) beneath base path '/actuator'
2023-11-07 14:33:52,125 [main] [INFO] | DirectJDKLog.log(173) | - | Starting ProtocolHandler ["http-nio-8081"]
2023-11-07 14:33:52,144 [main] [INFO] | TomcatWebServer.start(220) | - | Tomcat started on port(s): 8081 (http) with context path '/template'
2023-11-07 14:33:52,175 [main] [INFO] | StartupInfoLogger.logStarted(57) | - | Started TempleteApplication in 7.718 seconds (process running for 8.755)
2023-11-07 14:34:32,137 [SpringApplicationShutdownHook] [INFO] | DruidDataSource.close(2174) | - | {dataSource-0} closing ...
